2020-12-22 00:06:59.440  WARN 17132 --- [restartedMain] com.zaxxer.hikari.util.DriverDataSource  : Registered driver with driverClassName=com.mysql.jdbc.Driver was not found, trying direct instantiation.
2020-12-22 00:06:59.544  WARN 17132 --- [restartedMain] JpaBaseConfiguration$JpaWebConfiguration : spring.jpa.open-in-view is enabled by default. Therefore, database queries may be performed during view rendering. Explicitly configure spring.jpa.open-in-view to disable this warning
2020-12-22 00:06:59.617  WARN 17132 --- [restartedMain] ion$DefaultTemplateResolverConfiguration : Cannot find template location: classpath:/templates/ (please add some templates or check your Thymeleaf configuration)
2020-12-22 00:07:16.307  INFO 17132 --- [restartedMain] c.b.e.EmployeepayrollappApplication      : Starting EmployeepayrollappApplication using Java 15 on LAPTOP-M8PELJBS with PID 17132 (C:\Users\Heros\workspace-spring-tool-suite-4-4.8.1.RELEASE\employeepayrollapp\target\classes started by Heros in C:\Users\Heros\workspace-spring-tool-suite-4-4.8.1.RELEASE\employeepayrollapp)
2020-12-22 00:07:16.314 DEBUG 17132 --- [restartedMain] c.b.e.EmployeepayrollappApplication      : Running with Spring Boot v2.4.1, Spring v5.3.2
2020-12-22 00:07:16.315  INFO 17132 --- [restartedMain] c.b.e.EmployeepayrollappApplication      : No active profile set, falling back to default profiles: default
2020-12-22 00:07:16.736  WARN 17132 --- [restartedMain] com.zaxxer.hikari.util.DriverDataSource  : Registered driver with driverClassName=com.mysql.jdbc.Driver was not found, trying direct instantiation.
2020-12-22 00:07:16.826  WARN 17132 --- [restartedMain] JpaBaseConfiguration$JpaWebConfiguration : spring.jpa.open-in-view is enabled by default. Therefore, database queries may be performed during view rendering. Explicitly configure spring.jpa.open-in-view to disable this warning
2020-12-22 00:07:16.896  WARN 17132 --- [restartedMain] ion$DefaultTemplateResolverConfiguration : Cannot find template location: classpath:/templates/ (please add some templates or check your Thymeleaf configuration)
2020-12-22 00:07:16.990  INFO 17132 --- [restartedMain] c.b.e.EmployeepayrollappApplication      : Started EmployeepayrollappApplication in 0.721 seconds (JVM running for 774.29)
2020-12-22 00:07:16.993  INFO 17132 --- [restartedMain] c.b.e.EmployeepayrollappApplication      : COMMON
2020-12-22 00:07:16.993  INFO 17132 --- [restartedMain] c.b.e.EmployeepayrollappApplication      : root
2020-12-22 00:18:15.799  INFO 17132 --- [restartedMain] c.b.e.EmployeepayrollappApplication      : Starting EmployeepayrollappApplication using Java 15 on LAPTOP-M8PELJBS with PID 17132 (C:\Users\Heros\workspace-spring-tool-suite-4-4.8.1.RELEASE\employeepayrollapp\target\classes started by Heros in C:\Users\Heros\workspace-spring-tool-suite-4-4.8.1.RELEASE\employeepayrollapp)
2020-12-22 00:18:15.804 DEBUG 17132 --- [restartedMain] c.b.e.EmployeepayrollappApplication      : Running with Spring Boot v2.4.1, Spring v5.3.2
2020-12-22 00:18:15.804  INFO 17132 --- [restartedMain] c.b.e.EmployeepayrollappApplication      : No active profile set, falling back to default profiles: default
2020-12-22 00:18:17.982  WARN 17132 --- [restartedMain] com.zaxxer.hikari.util.DriverDataSource  : Registered driver with driverClassName=com.mysql.jdbc.Driver was not found, trying direct instantiation.
2020-12-22 00:18:18.302  WARN 17132 --- [restartedMain] JpaBaseConfiguration$JpaWebConfiguration : spring.jpa.open-in-view is enabled by default. Therefore, database queries may be performed during view rendering. Explicitly configure spring.jpa.open-in-view to disable this warning
2020-12-22 00:18:20.027  WARN 17132 --- [restartedMain] ion$DefaultTemplateResolverConfiguration : Cannot find template location: classpath:/templates/ (please add some templates or check your Thymeleaf configuration)
2020-12-22 00:18:20.212  INFO 17132 --- [restartedMain] c.b.e.EmployeepayrollappApplication      : Started EmployeepayrollappApplication in 4.47 seconds (JVM running for 1437.512)
2020-12-22 00:18:20.219  INFO 17132 --- [restartedMain] c.b.e.EmployeepayrollappApplication      : COMMON
2020-12-22 00:18:20.220  INFO 17132 --- [restartedMain] c.b.e.EmployeepayrollappApplication      : root
2020-12-22 00:18:21.745  INFO 17132 --- [restartedMain] c.b.e.EmployeepayrollappApplication      : Starting EmployeepayrollappApplication using Java 15 on LAPTOP-M8PELJBS with PID 17132 (C:\Users\Heros\workspace-spring-tool-suite-4-4.8.1.RELEASE\employeepayrollapp\target\classes started by Heros in C:\Users\Heros\workspace-spring-tool-suite-4-4.8.1.RELEASE\employeepayrollapp)
2020-12-22 00:18:21.745 DEBUG 17132 --- [restartedMain] c.b.e.EmployeepayrollappApplication      : Running with Spring Boot v2.4.1, Spring v5.3.2
2020-12-22 00:18:21.746  INFO 17132 --- [restartedMain] c.b.e.EmployeepayrollappApplication      : No active profile set, falling back to default profiles: default
2020-12-22 00:18:22.370  WARN 17132 --- [restartedMain] com.zaxxer.hikari.util.DriverDataSource  : Registered driver with driverClassName=com.mysql.jdbc.Driver was not found, trying direct instantiation.
2020-12-22 00:18:22.470  WARN 17132 --- [restartedMain] JpaBaseConfiguration$JpaWebConfiguration : spring.jpa.open-in-view is enabled by default. Therefore, database queries may be performed during view rendering. Explicitly configure spring.jpa.open-in-view to disable this warning
2020-12-22 00:18:22.561  WARN 17132 --- [restartedMain] ion$DefaultTemplateResolverConfiguration : Cannot find template location: classpath:/templates/ (please add some templates or check your Thymeleaf configuration)
2020-12-22 00:18:22.657  INFO 17132 --- [restartedMain] c.b.e.EmployeepayrollappApplication      : Started EmployeepayrollappApplication in 0.962 seconds (JVM running for 1439.957)
2020-12-22 00:18:22.660  INFO 17132 --- [restartedMain] c.b.e.EmployeepayrollappApplication      : COMMON
2020-12-22 00:18:22.661  INFO 17132 --- [restartedMain] c.b.e.EmployeepayrollappApplication      : root
2020-12-22 00:21:13.239  INFO 17132 --- [restartedMain] c.b.e.EmployeepayrollappApplication      : Starting EmployeepayrollappApplication using Java 15 on LAPTOP-M8PELJBS with PID 17132 (C:\Users\Heros\workspace-spring-tool-suite-4-4.8.1.RELEASE\employeepayrollapp\target\classes started by Heros in C:\Users\Heros\workspace-spring-tool-suite-4-4.8.1.RELEASE\employeepayrollapp)
2020-12-22 00:21:13.239 DEBUG 17132 --- [restartedMain] c.b.e.EmployeepayrollappApplication      : Running with Spring Boot v2.4.1, Spring v5.3.2
2020-12-22 00:21:13.240  INFO 17132 --- [restartedMain] c.b.e.EmployeepayrollappApplication      : No active profile set, falling back to default profiles: default
2020-12-22 00:21:13.632  WARN 17132 --- [restartedMain] com.zaxxer.hikari.util.DriverDataSource  : Registered driver with driverClassName=com.mysql.jdbc.Driver was not found, trying direct instantiation.
2020-12-22 00:21:13.717  WARN 17132 --- [restartedMain] JpaBaseConfiguration$JpaWebConfiguration : spring.jpa.open-in-view is enabled by default. Therefore, database queries may be performed during view rendering. Explicitly configure spring.jpa.open-in-view to disable this warning
2020-12-22 00:21:13.778  WARN 17132 --- [restartedMain] ion$DefaultTemplateResolverConfiguration : Cannot find template location: classpath:/templates/ (please add some templates or check your Thymeleaf configuration)
2020-12-22 00:21:13.859  INFO 17132 --- [restartedMain] c.b.e.EmployeepayrollappApplication      : Started EmployeepayrollappApplication in 0.654 seconds (JVM running for 1611.159)
2020-12-22 00:21:13.862  INFO 17132 --- [restartedMain] c.b.e.EmployeepayrollappApplication      : COMMON
2020-12-22 00:21:13.862  INFO 17132 --- [restartedMain] c.b.e.EmployeepayrollappApplication      : root
2020-12-22 00:22:07.745  INFO 17132 --- [restartedMain] c.b.e.EmployeepayrollappApplication      : Starting EmployeepayrollappApplication using Java 15 on LAPTOP-M8PELJBS with PID 17132 (C:\Users\Heros\workspace-spring-tool-suite-4-4.8.1.RELEASE\employeepayrollapp\target\classes started by Heros in C:\Users\Heros\workspace-spring-tool-suite-4-4.8.1.RELEASE\employeepayrollapp)
2020-12-22 00:22:07.746 DEBUG 17132 --- [restartedMain] c.b.e.EmployeepayrollappApplication      : Running with Spring Boot v2.4.1, Spring v5.3.2
2020-12-22 00:22:07.746  INFO 17132 --- [restartedMain] c.b.e.EmployeepayrollappApplication      : No active profile set, falling back to default profiles: default
2020-12-22 00:22:08.162  WARN 17132 --- [restartedMain] com.zaxxer.hikari.util.DriverDataSource  : Registered driver with driverClassName=com.mysql.jdbc.Driver was not found, trying direct instantiation.
2020-12-22 00:22:08.248  WARN 17132 --- [restartedMain] JpaBaseConfiguration$JpaWebConfiguration : spring.jpa.open-in-view is enabled by default. Therefore, database queries may be performed during view rendering. Explicitly configure spring.jpa.open-in-view to disable this warning
2020-12-22 00:22:08.322  WARN 17132 --- [restartedMain] ion$DefaultTemplateResolverConfiguration : Cannot find template location: classpath:/templates/ (please add some templates or check your Thymeleaf configuration)
2020-12-22 00:22:08.405  INFO 17132 --- [restartedMain] c.b.e.EmployeepayrollappApplication      : Started EmployeepayrollappApplication in 0.693 seconds (JVM running for 1665.705)
2020-12-22 00:22:08.408  INFO 17132 --- [restartedMain] c.b.e.EmployeepayrollappApplication      : COMMON
2020-12-22 00:22:08.408  INFO 17132 --- [restartedMain] c.b.e.EmployeepayrollappApplication      : root
2020-12-22 00:22:27.052  INFO 17132 --- [restartedMain] c.b.e.EmployeepayrollappApplication      : Starting EmployeepayrollappApplication using Java 15 on LAPTOP-M8PELJBS with PID 17132 (C:\Users\Heros\workspace-spring-tool-suite-4-4.8.1.RELEASE\employeepayrollapp\target\classes started by Heros in C:\Users\Heros\workspace-spring-tool-suite-4-4.8.1.RELEASE\employeepayrollapp)
2020-12-22 00:22:27.053 DEBUG 17132 --- [restartedMain] c.b.e.EmployeepayrollappApplication      : Running with Spring Boot v2.4.1, Spring v5.3.2
2020-12-22 00:22:27.053  INFO 17132 --- [restartedMain] c.b.e.EmployeepayrollappApplication      : No active profile set, falling back to default profiles: default
2020-12-22 00:22:27.473  WARN 17132 --- [restartedMain] com.zaxxer.hikari.util.DriverDataSource  : Registered driver with driverClassName=com.mysql.jdbc.Driver was not found, trying direct instantiation.
2020-12-22 00:22:27.553  WARN 17132 --- [restartedMain] JpaBaseConfiguration$JpaWebConfiguration : spring.jpa.open-in-view is enabled by default. Therefore, database queries may be performed during view rendering. Explicitly configure spring.jpa.open-in-view to disable this warning
2020-12-22 00:22:27.617  WARN 17132 --- [restartedMain] ion$DefaultTemplateResolverConfiguration : Cannot find template location: classpath:/templates/ (please add some templates or check your Thymeleaf configuration)
2020-12-22 00:22:27.704  INFO 17132 --- [restartedMain] c.b.e.EmployeepayrollappApplication      : Started EmployeepayrollappApplication in 0.683 seconds (JVM running for 1685.004)
2020-12-22 00:22:27.707  INFO 17132 --- [restartedMain] c.b.e.EmployeepayrollappApplication      : COMMON
2020-12-22 00:22:27.707  INFO 17132 --- [restartedMain] c.b.e.EmployeepayrollappApplication      : root
2020-12-22 00:22:55.504  INFO 17132 --- [restartedMain] c.b.e.EmployeepayrollappApplication      : Starting EmployeepayrollappApplication using Java 15 on LAPTOP-M8PELJBS with PID 17132 (C:\Users\Heros\workspace-spring-tool-suite-4-4.8.1.RELEASE\employeepayrollapp\target\classes started by Heros in C:\Users\Heros\workspace-spring-tool-suite-4-4.8.1.RELEASE\employeepayrollapp)
2020-12-22 00:22:55.504 DEBUG 17132 --- [restartedMain] c.b.e.EmployeepayrollappApplication      : Running with Spring Boot v2.4.1, Spring v5.3.2
2020-12-22 00:22:55.505  INFO 17132 --- [restartedMain] c.b.e.EmployeepayrollappApplication      : No active profile set, falling back to default profiles: default
2020-12-22 00:22:55.950  WARN 17132 --- [restartedMain] com.zaxxer.hikari.util.DriverDataSource  : Registered driver with driverClassName=com.mysql.jdbc.Driver was not found, trying direct instantiation.
2020-12-22 00:22:56.049  WARN 17132 --- [restartedMain] JpaBaseConfiguration$JpaWebConfiguration : spring.jpa.open-in-view is enabled by default. Therefore, database queries may be performed during view rendering. Explicitly configure spring.jpa.open-in-view to disable this warning
2020-12-22 00:22:56.145  WARN 17132 --- [restartedMain] ion$DefaultTemplateResolverConfiguration : Cannot find template location: classpath:/templates/ (please add some templates or check your Thymeleaf configuration)
2020-12-22 00:22:56.242  INFO 17132 --- [restartedMain] c.b.e.EmployeepayrollappApplication      : Started EmployeepayrollappApplication in 0.769 seconds (JVM running for 1713.541)
2020-12-22 00:22:56.244  INFO 17132 --- [restartedMain] c.b.e.EmployeepayrollappApplication      : COMMON
2020-12-22 00:22:56.244  INFO 17132 --- [restartedMain] c.b.e.EmployeepayrollappApplication      : root
2020-12-22 00:24:17.281  INFO 17132 --- [restartedMain] c.b.e.EmployeepayrollappApplication      : Starting EmployeepayrollappApplication using Java 15 on LAPTOP-M8PELJBS with PID 17132 (C:\Users\Heros\workspace-spring-tool-suite-4-4.8.1.RELEASE\employeepayrollapp\target\classes started by Heros in C:\Users\Heros\workspace-spring-tool-suite-4-4.8.1.RELEASE\employeepayrollapp)
2020-12-22 00:24:17.281 DEBUG 17132 --- [restartedMain] c.b.e.EmployeepayrollappApplication      : Running with Spring Boot v2.4.1, Spring v5.3.2
2020-12-22 00:24:17.281  INFO 17132 --- [restartedMain] c.b.e.EmployeepayrollappApplication      : No active profile set, falling back to default profiles: default
2020-12-22 00:24:17.685  WARN 17132 --- [restartedMain] com.zaxxer.hikari.util.DriverDataSource  : Registered driver with driverClassName=com.mysql.jdbc.Driver was not found, trying direct instantiation.
2020-12-22 00:24:17.769  WARN 17132 --- [restartedMain] JpaBaseConfiguration$JpaWebConfiguration : spring.jpa.open-in-view is enabled by default. Therefore, database queries may be performed during view rendering. Explicitly configure spring.jpa.open-in-view to disable this warning
2020-12-22 00:24:17.843  WARN 17132 --- [restartedMain] ion$DefaultTemplateResolverConfiguration : Cannot find template location: classpath:/templates/ (please add some templates or check your Thymeleaf configuration)
2020-12-22 00:24:17.917  INFO 17132 --- [restartedMain] c.b.e.EmployeepayrollappApplication      : Started EmployeepayrollappApplication in 0.667 seconds (JVM running for 1795.217)
2020-12-22 00:24:17.920  INFO 17132 --- [restartedMain] c.b.e.EmployeepayrollappApplication      : COMMON
2020-12-22 00:24:17.921  INFO 17132 --- [restartedMain] c.b.e.EmployeepayrollappApplication      : root
2020-12-22 00:24:23.475  INFO 17132 --- [restartedMain] c.b.e.EmployeepayrollappApplication      : Starting EmployeepayrollappApplication using Java 15 on LAPTOP-M8PELJBS with PID 17132 (C:\Users\Heros\workspace-spring-tool-suite-4-4.8.1.RELEASE\employeepayrollapp\target\classes started by Heros in C:\Users\Heros\workspace-spring-tool-suite-4-4.8.1.RELEASE\employeepayrollapp)
2020-12-22 00:24:23.476 DEBUG 17132 --- [restartedMain] c.b.e.EmployeepayrollappApplication      : Running with Spring Boot v2.4.1, Spring v5.3.2
2020-12-22 00:24:23.476  INFO 17132 --- [restartedMain] c.b.e.EmployeepayrollappApplication      : No active profile set, falling back to default profiles: default
2020-12-22 00:24:23.924  WARN 17132 --- [restartedMain] com.zaxxer.hikari.util.DriverDataSource  : Registered driver with driverClassName=com.mysql.jdbc.Driver was not found, trying direct instantiation.
2020-12-22 00:24:24.027  WARN 17132 --- [restartedMain] JpaBaseConfiguration$JpaWebConfiguration : spring.jpa.open-in-view is enabled by default. Therefore, database queries may be performed during view rendering. Explicitly configure spring.jpa.open-in-view to disable this warning
2020-12-22 00:24:24.125  WARN 17132 --- [restartedMain] ion$DefaultTemplateResolverConfiguration : Cannot find template location: classpath:/templates/ (please add some templates or check your Thymeleaf configuration)
2020-12-22 00:24:24.294  INFO 17132 --- [restartedMain] c.b.e.EmployeepayrollappApplication      : Started EmployeepayrollappApplication in 0.856 seconds (JVM running for 1801.594)
2020-12-22 00:24:24.298  INFO 17132 --- [restartedMain] c.b.e.EmployeepayrollappApplication      : COMMON
2020-12-22 00:24:24.299  INFO 17132 --- [restartedMain] c.b.e.EmployeepayrollappApplication      : root
2020-12-22 00:25:00.043  INFO 17132 --- [restartedMain] c.b.e.EmployeepayrollappApplication      : Starting EmployeepayrollappApplication using Java 15 on LAPTOP-M8PELJBS with PID 17132 (C:\Users\Heros\workspace-spring-tool-suite-4-4.8.1.RELEASE\employeepayrollapp\target\classes started by Heros in C:\Users\Heros\workspace-spring-tool-suite-4-4.8.1.RELEASE\employeepayrollapp)
2020-12-22 00:25:00.044 DEBUG 17132 --- [restartedMain] c.b.e.EmployeepayrollappApplication      : Running with Spring Boot v2.4.1, Spring v5.3.2
2020-12-22 00:25:00.045  INFO 17132 --- [restartedMain] c.b.e.EmployeepayrollappApplication      : No active profile set, falling back to default profiles: default
2020-12-22 00:25:00.472  WARN 17132 --- [restartedMain] com.zaxxer.hikari.util.DriverDataSource  : Registered driver with driverClassName=com.mysql.jdbc.Driver was not found, trying direct instantiation.
2020-12-22 00:25:00.635  WARN 17132 --- [restartedMain] JpaBaseConfiguration$JpaWebConfiguration : spring.jpa.open-in-view is enabled by default. Therefore, database queries may be performed during view rendering. Explicitly configure spring.jpa.open-in-view to disable this warning
2020-12-22 00:25:00.706  WARN 17132 --- [restartedMain] ion$DefaultTemplateResolverConfiguration : Cannot find template location: classpath:/templates/ (please add some templates or check your Thymeleaf configuration)
2020-12-22 00:25:00.778  INFO 17132 --- [restartedMain] c.b.e.EmployeepayrollappApplication      : Started EmployeepayrollappApplication in 0.774 seconds (JVM running for 1838.077)
2020-12-22 00:25:00.780  INFO 17132 --- [restartedMain] c.b.e.EmployeepayrollappApplication      : COMMON
2020-12-22 00:25:00.781  INFO 17132 --- [restartedMain] c.b.e.EmployeepayrollappApplication      : root
